Scenario - 
Logfile written - 01/07/2015 17:14:52

Subject	Trial	Event Type	Code	Time	TTime	Uncertainty	Duration	Uncertainty	ReqTime	ReqDur	Stim Type	Pair Index

SPN01_CMH_0004	1	Picture	MRI_start	166	0	1	214643	2	0	next	hit	2
SPN01_CMH_0004	1	Response	101	214689	214523	1
SPN01_CMH_0004	4	Video	vid_8	346203	0	1			0		other	0
SPN01_CMH_0004	5	Picture	scale	346370	0	1	334	3	0	100	other	0
SPN01_CMH_0004	5	Response	102	452818	106448	2
SPN01_CMH_0004	6	Picture	rating_equal_to4	453023	0	1	334	2	0	100	other	0
SPN01_CMH_0004	6	Response	102	493783	40760	1
SPN01_CMH_0004	7	Picture	rating_equal_to3	493812	0	1	334	2	0	100	other	0
SPN01_CMH_0004	7	Response	102	973383	479571	2
SPN01_CMH_0004	8	Picture	rating_equal_to2	973583	0	1	167	2	0	100	other	0
SPN01_CMH_0004	8	Response	102	1353053	379470	1
SPN01_CMH_0004	9	Picture	rating_equal_to1	1353220	0	1	334	2	0	100	other	0
SPN01_CMH_0004	9	Response	103	1375349	22129	1
SPN01_CMH_0004	10	Picture	rating_equal_to2	1375453	0	1	335	2	0	100	other	0
SPN01_CMH_0004	10	Response	102	1441505	66052	2
SPN01_CMH_0004	11	Picture	rating_equal_to1	1441652	0	1	334	3	0	100	other	0
SPN01_CMH_0004	14	Video	cvid_7	1588258	0	1			0		other	0
SPN01_CMH_0004	15	Picture	cscale	1588425	0	1	167	2	0	100	other	0
SPN01_CMH_0004	15	Response	103	1602658	14233	2
SPN01_CMH_0004	16	Picture	rating_equal_to6	1602801	0	1	334	2	0	100	other	0
SPN01_CMH_0004	16	Response	102	1627794	24993	1
SPN01_CMH_0004	17	Picture	rating_equal_to5	1628043	0	1	335	2	0	100	other	0
SPN01_CMH_0004	17	Response	103	1676188	48145	1
SPN01_CMH_0004	18	Picture	rating_equal_to6	1676355	0	1	167	2	0	100	other	0
SPN01_CMH_0004	18	Response	103	1680086	3731	2
SPN01_CMH_0004	19	Picture	rating_equal_to7	1680200	0	1	334	2	0	100	other	0
SPN01_CMH_0004	19	Response	103	1715491	35291	12
SPN01_CMH_0004	20	Picture	rating_equal_to8	1715806	0	1	335	2	0	100	other	0
SPN01_CMH_0004	20	Response	103	1760021	44215	1
SPN01_CMH_0004	21	Picture	rating_equal_to9	1760106	0	1	334	2	0	100	other	0
SPN01_CMH_0004	21	Response	102	1801142	41036	1
SPN01_CMH_0004	22	Picture	rating_equal_to8	1801229	0	1	334	2	0	100	other	0
SPN01_CMH_0004	22	Response	102	1808629	7400	1
SPN01_CMH_0004	23	Picture	rating_equal_to7	1808919	0	1	334	2	0	100	other	0
SPN01_CMH_0004	23	Response	102	1840193	31274	1
SPN01_CMH_0004	24	Picture	rating_equal_to6	1840346	0	1	334	3	0	100	other	0
SPN01_CMH_0004	24	Response	102	1847431	7085	1
SPN01_CMH_0004	25	Picture	rating_equal_to5	1847534	0	1	335	2	0	100	other	0
SPN01_CMH_0004	25	Response	103	1875105	27571	2
SPN01_CMH_0004	26	Picture	rating_equal_to6	1875284	0	1	334	3	0	100	other	0
SPN01_CMH_0004	26	Response	103	1907803	32519	1
SPN01_CMH_0004	27	Picture	rating_equal_to7	1908049	0	1	334	2	0	100	other	0
SPN01_CMH_0004	27	Response	103	1955133	47084	2
SPN01_CMH_0004	28	Picture	rating_equal_to8	1955357	0	1	335	2	0	100	other	0
SPN01_CMH_0004	28	Response	103	1969247	13890	1
SPN01_CMH_0004	29	Picture	rating_equal_to9	1969399	0	1	335	2	0	100	other	0
SPN01_CMH_0004	32	Video	vid_13	2039610	0	1			0		other	0
SPN01_CMH_0004	33	Picture	rating_equal_to1	2039777	0	1	334	2	0	100	other	0
SPN01_CMH_0004	33	Response	102	2705907	666130	40
SPN01_CMH_0004	34	Picture	rating_equal_to4	2706274	0	1	334	2	0	100	other	0
SPN01_CMH_0004	34	Response	102	2710215	3941	7
SPN01_CMH_0004	35	Picture	rating_equal_to3	2710453	0	1	334	2	0	100	other	0
SPN01_CMH_0004	38	Video	cvid_8	3881628	0	2			0		other	0
SPN01_CMH_0004	39	Picture	rating_equal_to9	3881796	0	1	167	2	0	100	other	0
SPN01_CMH_0004	39	Response	103	3893246	11450	1
SPN01_CMH_0004	40	Picture	rating_equal_to6	3893497	0	1	335	2	0	100	other	0
SPN01_CMH_0004	40	Response	102	3928418	34921	1
SPN01_CMH_0004	41	Picture	rating_equal_to5	3928435	0	1	335	2	0	100	other	0
SPN01_CMH_0004	41	Response	102	3957864	29429	2
SPN01_CMH_0004	42	Picture	rating_equal_to4	3958024	0	1	167	2	0	100	other	0
SPN01_CMH_0004	42	Response	102	3961042	3018	1
SPN01_CMH_0004	43	Picture	rating_equal_to3	3961200	0	1	334	3	0	100	other	0
SPN01_CMH_0004	43	Response	102	3963494	2294	1
SPN01_CMH_0004	44	Picture	rating_equal_to2	3963540	0	2	335	3	0	100	other	0
SPN01_CMH_0004	44	Response	102	3965712	2172	1
SPN01_CMH_0004	45	Picture	rating_equal_to1	3965881	0	1	334	2	0	100	other	0
SPN01_CMH_0004	45	Response	102	3967674	1793	1
SPN01_CMH_0004	46	Picture	rating_equal_to1	3967887	0	1	334	2	0	100	other	0
SPN01_CMH_0004	46	Response	103	4001704	33817	2
SPN01_CMH_0004	47	Picture	rating_equal_to2	4001822	0	1	334	2	0	100	other	0
SPN01_CMH_0004	47	Response	103	4007162	5340	1
SPN01_CMH_0004	48	Picture	rating_equal_to3	4007338	0	1	335	2	0	100	other	0
SPN01_CMH_0004	48	Response	103	4038825	31487	1
SPN01_CMH_0004	49	Picture	rating_equal_to4	4038933	0	1	334	2	0	100	other	0
SPN01_CMH_0004	49	Response	103	4043404	4471	2
SPN01_CMH_0004	50	Picture	rating_equal_to5	4043614	0	1	334	2	0	100	other	0
SPN01_CMH_0004	50	Response	103	4046182	2568	1
SPN01_CMH_0004	51	Picture	rating_equal_to6	4046288	0	1	335	2	0	100	other	0
SPN01_CMH_0004	51	Response	102	4083838	37550	2
SPN01_CMH_0004	52	Picture	rating_equal_to5	4083901	0	1	334	2	0	100	other	0
SPN01_CMH_0004	52	Response	103	4128211	44310	2
SPN01_CMH_0004	53	Picture	rating_equal_to6	4128368	0	1	334	2	0	100	other	0
SPN01_CMH_0004	53	Response	103	4168069	39701	2
SPN01_CMH_0004	54	Picture	rating_equal_to7	4168321	0	1	334	2	0	100	other	0
SPN01_CMH_0004	54	Response	103	4171043	2722	2
SPN01_CMH_0004	55	Picture	rating_equal_to8	4171162	0	2	335	3	0	100	other	0
SPN01_CMH_0004	55	Response	103	4207782	36620	27
SPN01_CMH_0004	56	Picture	rating_equal_to9	4208106	0	2	335	3	0	100	other	0
SPN01_CMH_0004	59	Video	vid_10	4333148	0	1			0		other	0
SPN01_CMH_0004	60	Picture	rating_equal_to3	4333314	0	2	335	3	0	100	other	0
SPN01_CMH_0004	60	Response	102	4462280	128966	1
SPN01_CMH_0004	61	Picture	rating_equal_to4	4462535	0	1	335	2	0	100	other	0
SPN01_CMH_0004	61	Response	102	4506259	43724	27
SPN01_CMH_0004	62	Picture	rating_equal_to3	4506500	0	2	335	3	0	100	other	0
SPN01_CMH_0004	62	Response	102	4795226	288726	1
SPN01_CMH_0004	63	Picture	rating_equal_to2	4795366	0	1	334	2	0	100	other	0
