Scenario - 
Logfile written - 01/07/2015 16:54:37

Subject	Trial	Event Type	Code	Time	TTime	Uncertainty	Duration	Uncertainty	ReqTime	ReqDur	Stim Type	Pair Index

SPN01_CMH_0004	1	Picture	MRI_start	166	0	1	294215	2	0	next	hit	2
SPN01_CMH_0004	1	Response	101	294350	294184	1
SPN01_CMH_0004	4	Video	vid_4	425942	0	1			0		other	0
SPN01_CMH_0004	5	Picture	scale	426109	0	1	334	2	0	100	other	0
SPN01_CMH_0004	5	Response	103	437307	11198	2
SPN01_CMH_0004	6	Picture	rating_equal_to6	437476	0	2	335	3	0	100	other	0
SPN01_CMH_0004	6	Response	103	483096	45620	2
SPN01_CMH_0004	7	Picture	rating_equal_to7	483113	0	1	335	2	0	100	other	0
SPN01_CMH_0004	7	Response	102	721796	238683	24
SPN01_CMH_0004	8	Picture	rating_equal_to6	721996	0	1	334	2	0	100	other	0
SPN01_CMH_0004	8	Response	102	725127	3131	2
SPN01_CMH_0004	9	Picture	rating_equal_to5	725339	0	1	334	2	0	100	other	0
SPN01_CMH_0004	9	Response	103	782995	57656	1
SPN01_CMH_0004	10	Picture	rating_equal_to6	783012	0	1	334	2	0	100	other	0
SPN01_CMH_0004	10	Response	103	795651	12639	24
SPN01_CMH_0004	11	Picture	rating_equal_to7	795884	0	1	167	2	0	100	other	0
SPN01_CMH_0004	11	Response	103	1318328	522444	23
SPN01_CMH_0004	12	Picture	rating_equal_to8	1318616	0	1	335	2	0	100	other	0
SPN01_CMH_0004	12	Response	103	1848882	530266	24
SPN01_CMH_0004	13	Picture	rating_equal_to9	1849206	0	1	334	2	0	100	other	0
SPN01_CMH_0004	16	Video	cvid_1	2182705	0	1			0		other	0
SPN01_CMH_0004	17	Picture	cscale	2182872	0	1	167	3	0	100	other	0
SPN01_CMH_0004	17	Response	103	2242165	59293	1
SPN01_CMH_0004	18	Picture	rating_equal_to6	2242384	0	1	334	2	0	100	other	0
SPN01_CMH_0004	18	Response	102	2245588	3204	1
SPN01_CMH_0004	19	Picture	rating_equal_to5	2245727	0	1	335	2	0	100	other	0
SPN01_CMH_0004	19	Response	102	2249905	4178	2
SPN01_CMH_0004	20	Picture	rating_equal_to4	2250074	0	1	334	2	0	100	other	0
SPN01_CMH_0004	20	Response	103	2274999	24925	1
SPN01_CMH_0004	21	Picture	rating_equal_to5	2275149	0	1	334	2	0	100	other	0
SPN01_CMH_0004	21	Response	103	2279180	4031	35
SPN01_CMH_0004	22	Picture	rating_equal_to6	2279495	0	1	334	3	0	100	other	0
SPN01_CMH_0004	22	Response	102	2309987	30492	1
SPN01_CMH_0004	23	Picture	rating_equal_to5	2310087	0	1	334	2	0	100	other	0
SPN01_CMH_0004	23	Response	103	2361318	51231	1
SPN01_CMH_0004	24	Picture	rating_equal_to6	2361574	0	2	335	3	0	100	other	0
SPN01_CMH_0004	24	Response	102	2374403	12829	2
SPN01_CMH_0004	25	Picture	rating_equal_to5	2374613	0	1	335	2	0	100	other	0
SPN01_CMH_0004	25	Response	103	2395039	20426	2
SPN01_CMH_0004	26	Picture	rating_equal_to6	2395175	0	1	334	2	0	100	other	0
SPN01_CMH_0004	26	Response	103	2398702	3527	1
SPN01_CMH_0004	27	Picture	rating_equal_to7	2398853	0	1	334	2	0	100	other	0
SPN01_CMH_0004	27	Response	103	2442825	43972	1
SPN01_CMH_0004	28	Picture	rating_equal_to8	2442985	0	1	334	2	0	100	other	0
SPN01_CMH_0004	28	Response	102	2476376	33391	25
SPN01_CMH_0004	29	Picture	rating_equal_to7	2476586	0	1	334	2	0	100	other	0
SPN01_CMH_0004	29	Response	102	2479943	3357	1
SPN01_CMH_0004	30	Picture	rating_equal_to6	2480096	0	1	334	3	0	100	other	0
SPN01_CMH_0004	30	Response	102	2482563	2467	1
SPN01_CMH_0004	31	Picture	rating_equal_to5	2482604	0	1	334	2	0	100	other	0
SPN01_CMH_0004	31	Response	103	2492966	10362	1
SPN01_CMH_0004	32	Picture	rating_equal_to6	2493135	0	1	334	3	0	100	other	0
SPN01_CMH_0004	32	Response	103	2508773	15638	2
SPN01_CMH_0004	33	Picture	rating_equal_to7	2509016	0	1	334	2	0	100	other	0
SPN01_CMH_0004	33	Response	102	2550983	41967	2
SPN01_CMH_0004	34	Picture	rating_equal_to6	2551142	0	1	335	2	0	100	other	0
SPN01_CMH_0004	37	Video	vid_2	2634057	0	2			0		other	0
SPN01_CMH_0004	38	Picture	rating_equal_to9	2634225	0	1	334	2	0	100	other	0
SPN01_CMH_0004	38	Response	102	2877223	242998	2
SPN01_CMH_0004	39	Picture	rating_equal_to4	2877453	0	1	335	2	0	100	other	0
SPN01_CMH_0004	39	Response	102	3123671	246218	2
SPN01_CMH_0004	40	Picture	rating_equal_to3	3123691	0	1	334	2	0	100	other	0
SPN01_CMH_0004	40	Response	103	3128623	4932	1
SPN01_CMH_0004	41	Picture	rating_equal_to4	3128706	0	1	334	2	0	100	other	0
SPN01_CMH_0004	41	Response	102	3171694	42988	2
SPN01_CMH_0004	42	Picture	rating_equal_to3	3171835	0	1	335	2	0	100	other	0
SPN01_CMH_0004	42	Response	102	3751130	579295	2
SPN01_CMH_0004	43	Picture	rating_equal_to2	3751405	0	1	334	2	0	100	other	0
SPN01_CMH_0004	46	Video	cvid_2	4145753	0	1			0		other	0
SPN01_CMH_0004	47	Picture	rating_equal_to6	4145920	0	1	167	2	0	100	other	0
SPN01_CMH_0004	47	Response	103	4184968	39048	2
SPN01_CMH_0004	48	Picture	rating_equal_to6	4185205	0	1	334	2	0	100	other	0
SPN01_CMH_0004	48	Response	102	4191744	6539	2
SPN01_CMH_0004	49	Picture	rating_equal_to5	4191891	0	1	335	2	0	100	other	0
SPN01_CMH_0004	49	Response	102	4223382	31491	2
SPN01_CMH_0004	50	Picture	rating_equal_to4	4223653	0	1	334	3	0	100	other	0
SPN01_CMH_0004	50	Response	103	4264896	41243	1
SPN01_CMH_0004	51	Picture	rating_equal_to5	4264943	0	2	335	3	0	100	other	0
SPN01_CMH_0004	51	Response	102	4309792	44849	1
SPN01_CMH_0004	52	Picture	rating_equal_to4	4310079	0	1	334	2	0	100	other	0
SPN01_CMH_0004	52	Response	102	4314276	4197	2
SPN01_CMH_0004	53	Picture	rating_equal_to3	4314425	0	1	334	2	0	100	other	0
SPN01_CMH_0004	53	Response	102	4317730	3305	16
SPN01_CMH_0004	54	Picture	rating_equal_to2	4318103	0	1	334	2	0	100	other	0
SPN01_CMH_0004	54	Response	103	4348433	30330	39
SPN01_CMH_0004	55	Picture	rating_equal_to3	4348694	0	1	335	2	0	100	other	0
SPN01_CMH_0004	55	Response	103	4394707	46013	1
SPN01_CMH_0004	56	Picture	rating_equal_to4	4394833	0	1	334	2	0	100	other	0
SPN01_CMH_0004	56	Response	103	4399589	4756	2
SPN01_CMH_0004	57	Picture	rating_equal_to5	4399848	0	1	334	2	0	100	other	0
SPN01_CMH_0004	57	Response	102	4435235	35387	2
SPN01_CMH_0004	58	Picture	rating_equal_to4	4435454	0	1	335	2	0	100	other	0
SPN01_CMH_0004	58	Response	102	4439200	3746	26
SPN01_CMH_0004	59	Picture	rating_equal_to3	4439466	0	1	335	2	0	100	other	0
SPN01_CMH_0004	59	Response	102	4472754	33288	2
SPN01_CMH_0004	60	Picture	rating_equal_to2	4472900	0	1	334	2	0	100	other	0
SPN01_CMH_0004	60	Response	102	4476150	3250	1
SPN01_CMH_0004	61	Picture	rating_equal_to1	4476243	0	1	334	3	0	100	other	0
SPN01_CMH_0004	61	Response	103	4507021	30778	2
SPN01_CMH_0004	62	Picture	rating_equal_to2	4507169	0	1	334	3	0	100	other	0
SPN01_CMH_0004	62	Response	103	4509450	2281	1
SPN01_CMH_0004	63	Picture	rating_equal_to3	4509510	0	1	334	2	0	100	other	0
SPN01_CMH_0004	63	Response	103	4512133	2623	1
SPN01_CMH_0004	64	Picture	rating_equal_to4	4512184	0	1	334	3	0	100	other	0
SPN01_CMH_0004	64	Response	103	4514746	2562	1
SPN01_CMH_0004	65	Picture	rating_equal_to5	4514859	0	1	334	2	0	100	other	0
SPN01_CMH_0004	68	Video	vid_5	4597272	0	2			0		other	0
SPN01_CMH_0004	69	Picture	rating_equal_to2	4597440	0	1	334	2	0	100	other	0
SPN01_CMH_0004	69	Response	103	4818943	221503	1
SPN01_CMH_0004	70	Picture	rating_equal_to6	4819104	0	1	334	2	0	100	other	0
SPN01_CMH_0004	70	Response	103	4826348	7244	1
SPN01_CMH_0004	71	Picture	rating_equal_to7	4826459	0	1	334	3	0	100	other	0
SPN01_CMH_0004	71	Response	103	5534837	708378	1
SPN01_CMH_0004	72	Picture	rating_equal_to8	5535082	0	1	334	3	0	100	other	0
